PS2 Deep ODZ core monte carlo simulation initiated
monte carlo simulation terminated. Execution time:5801.653768777847
simulation 19/500 complete.
Status : Optimization terminated successfully.
simulation 74/500 complete.
Status : Optimization terminated successfully.
simulation 85/500 complete.
Status : Optimization terminated successfully.
simulation 108/500 complete.
Status : Optimization terminated successfully.
simulation 119/500 complete.
Status : Optimization terminated successfully.
simulation 123/500 complete.
Status : Optimization terminated successfully.
simulation 158/500 complete.
Status : Optimization terminated successfully.
simulation 165/500 complete.
Status : Optimization terminated successfully.
simulation 188/500 complete.
Status : Optimization terminated successfully.
simulation 196/500 complete.
Status : Optimization terminated successfully.
simulation 201/500 complete.
Status : Optimization terminated successfully.
simulation 227/500 complete.
Status : Optimization terminated successfully.
simulation 242/500 complete.
Status : Optimization terminated successfully.
simulation 254/500 complete.
Status : Optimization terminated successfully.
simulation 268/500 complete.
Status : Optimization terminated successfully.
simulation 277/500 complete.
Status : Optimization terminated successfully.
simulation 293/500 complete.
Status : Optimization terminated successfully.
simulation 326/500 complete.
Status : Optimization terminated successfully.
simulation 337/500 complete.
Status : Optimization terminated successfully.
simulation 360/500 complete.
Status : Optimization terminated successfully.
simulation 375/500 complete.
Status : Optimization terminated successfully.
simulation 405/500 complete.
Status : Optimization terminated successfully.
simulation 438/500 complete.
Status : Optimization terminated successfully.
simulation 486/500 complete.
Status : Optimization terminated successfully.
simulation 13/500 complete.
Status : Optimization terminated successfully.
simulation 48/500 complete.
Status : Optimization terminated successfully.
simulation 83/500 complete.
Status : Optimization terminated successfully.
simulation 110/500 complete.
Status : Optimization terminated successfully.
simulation 141/500 complete.
Status : Optimization terminated successfully.
simulation 151/500 complete.
Status : Optimization terminated successfully.
simulation 175/500 complete.
Status : Optimization terminated successfully.
simulation 189/500 complete.
Status : Optimization terminated successfully.
simulation 215/500 complete.
Status : Optimization terminated successfully.
simulation 245/500 complete.
Status : Optimization terminated successfully.
simulation 256/500 complete.
Status : Optimization terminated successfully.
simulation 267/500 complete.
Status : Optimization terminated successfully.
simulation 281/500 complete.
Status : Optimization terminated successfully.
simulation 290/500 complete.
Status : Optimization terminated successfully.
simulation 330/500 complete.
Status : Optimization terminated successfully.
simulation 347/500 complete.
Status : Optimization terminated successfully.
simulation 358/500 complete.
Status : Optimization terminated successfully.
simulation 389/500 complete.
Status : Optimization terminated successfully.
simulation 396/500 complete.
Status : Optimization terminated successfully.
simulation 442/500 complete.
Status : Optimization terminated successfully.
simulation 476/500 complete.
Status : Optimization terminated successfully.
simulation 15/500 complete.
Status : Optimization terminated successfully.
simulation 29/500 complete.
Status : Optimization terminated successfully.
simulation 42/500 complete.
Status : Optimization terminated successfully.
simulation 60/500 complete.
Status : Optimization terminated successfully.
simulation 71/500 complete.
Status : Optimization terminated successfully.
simulation 78/500 complete.
Status : Optimization terminated successfully.
simulation 89/500 complete.
Status : Optimization terminated successfully.
simulation 115/500 complete.
Status : Optimization terminated successfully.
simulation 124/500 complete.
Status : Optimization terminated successfully.
simulation 134/500 complete.
Status : Optimization terminated successfully.
simulation 164/500 complete.
Status : Optimization terminated successfully.
simulation 167/500 complete.
Status : Optimization terminated successfully.
simulation 194/500 complete.
Status : Optimization terminated successfully.
simulation 205/500 complete.
Status : Optimization terminated successfully.
simulation 252/500 complete.
Status : Optimization terminated successfully.
simulation 266/500 complete.
Status : Optimization terminated successfully.
simulation 279/500 complete.
Status : Optimization terminated successfully.
simulation 305/500 complete.
Status : Optimization terminated successfully.
simulation 361/500 complete.
Status : Optimization terminated successfully.
simulation 390/500 complete.
Status : Optimization terminated successfully.
simulation 426/500 complete.
Status : Optimization terminated successfully.
simulation 434/500 complete.
Status : Optimization terminated successfully.
simulation 446/500 complete.
Status : Optimization terminated successfully.
simulation 477/500 complete.
Status : Optimization terminated successfully.
simulation 484/500 complete.
Status : Optimization terminated successfully.
simulation 16/500 complete.
Status : Optimization terminated successfully.
simulation 27/500 complete.
Status : Optimization terminated successfully.
simulation 61/500 complete.
Status : Optimization terminated successfully.
simulation 100/500 complete.
Status : Optimization terminated successfully.
simulation 120/500 complete.
Status : Optimization terminated successfully.
simulation 152/500 complete.
Status : Optimization terminated successfully.
simulation 185/500 complete.
Status : Optimization terminated successfully.
simulation 195/500 complete.
Status : Optimization terminated successfully.
simulation 223/500 complete.
Status : Optimization terminated successfully.
simulation 237/500 complete.
Status : Optimization terminated successfully.
simulation 250/500 complete.
Status : Optimization terminated successfully.
simulation 288/500 complete.
Status : Optimization terminated successfully.
simulation 320/500 complete.
Status : Optimization terminated successfully.
simulation 356/500 complete.
Status : Optimization terminated successfully.
simulation 362/500 complete.
Status : Optimization terminated successfully.
simulation 380/500 complete.
Status : Optimization terminated successfully.
simulation 392/500 complete.
Status : Optimization terminated successfully.
simulation 430/500 complete.
Status : Optimization terminated successfully.
simulation 462/500 complete.
Status : Optimization terminated successfully.
simulation 488/500 complete.
Status : Optimization terminated successfully.
simulation 5/500 complete.
Status : Optimization terminated successfully.
simulation 43/500 complete.
Status : Optimization terminated successfully.
simulation 75/500 complete.
Status : Optimization terminated successfully.
simulation 91/500 complete.
Status : Optimization terminated successfully.
simulation 133/500 complete.
Status : Optimization terminated successfully.
simulation 145/500 complete.
Status : Optimization terminated successfully.
simulation 157/500 complete.
Status : Optimization terminated successfully.
simulation 170/500 complete.
Status : Optimization terminated successfully.
simulation 182/500 complete.
Status : Optimization terminated successfully.
simulation 190/500 complete.
Status : Optimization terminated successfully.
simulation 229/500 complete.
Status : Optimization terminated successfully.
simulation 257/500 complete.
Status : Optimization terminated successfully.
simulation 300/500 complete.
Status : Optimization terminated successfully.
simulation 310/500 complete.
Status : Optimization terminated successfully.
simulation 316/500 complete.
Status : Optimization terminated successfully.
simulation 323/500 complete.
Status : Optimization terminated successfully.
simulation 334/500 complete.
Status : Optimization terminated successfully.
simulation 371/500 complete.
Status : Optimization terminated successfully.
simulation 383/500 complete.
Status : Optimization terminated successfully.
simulation 407/500 complete.
Status : Optimization terminated successfully.
simulation 413/500 complete.
Status : Optimization terminated successfully.
simulation 440/500 complete.
Status : Optimization terminated successfully.
simulation 456/500 complete.
Status : Optimization terminated successfully.
simulation 466/500 complete.
Status : Optimization terminated successfully.
simulation 480/500 complete.
Status : Optimization terminated successfully.
simulation 1/500 complete.
Status : Optimization terminated successfully.
simulation 35/500 complete.
Status : Optimization terminated successfully.
simulation 47/500 complete.
Status : Optimization terminated successfully.
simulation 68/500 complete.
Status : Optimization terminated successfully.
simulation 102/500 complete.
Status : Optimization terminated successfully.
simulation 112/500 complete.
Status : Optimization terminated successfully.
simulation 122/500 complete.
Status : Optimization terminated successfully.
simulation 126/500 complete.
Status : Optimization terminated successfully.
simulation 140/500 complete.
Status : Optimization terminated successfully.
simulation 153/500 complete.
Status : Optimization terminated successfully.
simulation 161/500 complete.
Status : Optimization terminated successfully.
simulation 181/500 complete.
Status : Optimization terminated successfully.
simulation 192/500 complete.
Status : Optimization terminated successfully.
simulation 206/500 complete.
Status : Optimization terminated successfully.
simulation 222/500 complete.
Status : Optimization terminated successfully.
simulation 232/500 complete.
Status : Optimization terminated successfully.
simulation 244/500 complete.
Status : Optimization terminated successfully.
simulation 255/500 complete.
Status : Optimization terminated successfully.
simulation 278/500 complete.
Status : Optimization terminated successfully.
simulation 311/500 complete.
Status : Optimization terminated successfully.
simulation 324/500 complete.
Status : Optimization terminated successfully.
simulation 333/500 complete.
Status : Optimization terminated successfully.
simulation 342/500 complete.
Status : Optimization terminated successfully.
simulation 373/500 complete.
Status : Optimization terminated successfully.
simulation 385/500 complete.
Status : Optimization terminated successfully.
simulation 398/500 complete.
Status : Optimization terminated successfully.
simulation 408/500 complete.
Status : Optimization terminated successfully.
simulation 427/500 complete.
Status : Optimization terminated successfully.
simulation 452/500 complete.
Status : Optimization terminated successfully.
simulation 461/500 complete.
Status : Optimization terminated successfully.
simulation 471/500 complete.
Status : Optimization terminated successfully.
simulation 482/500 complete.
Status : Optimization terminated successfully.
simulation 489/500 complete.
Status : Optimization terminated successfully.
simulation 498/500 complete.
Status : Optimization terminated successfully.
simulation 14/500 complete.
Status : Optimization terminated successfully.
simulation 34/500 complete.
Status : Optimization terminated successfully.
simulation 57/500 complete.
Status : Optimization terminated successfully.
simulation 88/500 complete.
Status : Optimization terminated successfully.
simulation 99/500 complete.
Status : Optimization terminated successfully.
simulation 111/500 complete.
Status : Optimization terminated successfully.
simulation 143/500 complete.
Status : Optimization terminated successfully.
simulation 166/500 complete.
Status : Optimization terminated successfully.
simulation 204/500 complete.
Status : Optimization terminated successfully.
simulation 216/500 complete.
Status : Optimization terminated successfully.
simulation 224/500 complete.
Status : Optimization terminated successfully.
simulation 249/500 complete.
Status : Optimization terminated successfully.
simulation 275/500 complete.
Status : Optimization terminated successfully.
simulation 284/500 complete.
Status : Optimization terminated successfully.
simulation 317/500 complete.
Status : Optimization terminated successfully.
simulation 327/500 complete.
Status : Optimization terminated successfully.
simulation 339/500 complete.
Status : Optimization terminated successfully.
simulation 365/500 complete.
Status : Optimization terminated successfully.
simulation 378/500 complete.
Status : Optimization terminated successfully.
simulation 384/500 complete.
Status : Optimization terminated successfully.
simulation 418/500 complete.
Status : Optimization terminated successfully.
simulation 421/500 complete.
Status : Optimization terminated successfully.
simulation 436/500 complete.
Status : Optimization terminated successfully.
simulation 464/500 complete.
Status : Optimization terminated successfully.
simulation 472/500 complete.
Status : Optimization terminated successfully.
simulation 490/500 complete.
Status : Optimization terminated successfully.
simulation 9/500 complete.
Status : Optimization terminated successfully.
simulation 32/500 complete.
Status : Optimization terminated successfully.
simulation 38/500 complete.
Status : Optimization terminated successfully.
simulation 52/500 complete.
Status : Optimization terminated successfully.
simulation 80/500 complete.
Status : Optimization terminated successfully.
simulation 107/500 complete.
Status : Optimization terminated successfully.
simulation 137/500 complete.
Status : Optimization terminated successfully.
simulation 171/500 complete.
Status : Optimization terminated successfully.
simulation 180/500 complete.
Status : Optimization terminated successfully.
simulation 203/500 complete.
Status : Optimization terminated successfully.
simulation 210/500 complete.
Status : Optimization terminated successfully.
simulation 241/500 complete.
Status : Optimization terminated successfully.
simulation 251/500 complete.
Status : Optimization terminated successfully.
simulation 285/500 complete.
Status : Optimization terminated successfully.
simulation 294/500 complete.
Status : Optimization terminated successfully.
simulation 309/500 complete.
Status : Optimization terminated successfully.
simulation 350/500 complete.
Status : Maximum number of function evaluations has been exceeded.
simulation 410/500 complete.
Status : Optimization terminated successfully.
simulation 422/500 complete.
Status : Optimization terminated successfully.
simulation 450/500 complete.
Status : Optimization terminated successfully.
simulation 460/500 complete.
Status : Optimization terminated successfully.
simulation 474/500 complete.
Status : Optimization terminated successfully.
simulation 18/500 complete.
Status : Optimization terminated successfully.
simulation 24/500 complete.
Status : Optimization terminated successfully.
simulation 28/500 complete.
Status : Optimization terminated successfully.
simulation 59/500 complete.
Status : Optimization terminated successfully.
simulation 73/500 complete.
Status : Optimization terminated successfully.
simulation 104/500 complete.
Status : Optimization terminated successfully.
simulation 130/500 complete.
Status : Optimization terminated successfully.
simulation 148/500 complete.
Status : Optimization terminated successfully.
simulation 184/500 complete.
Status : Optimization terminated successfully.
simulation 208/500 complete.
Status : Optimization terminated successfully.
simulation 235/500 complete.
Status : Optimization terminated successfully.
simulation 263/500 complete.
Status : Optimization terminated successfully.
simulation 299/500 complete.
Status : Optimization terminated successfully.
simulation 336/500 complete.
Status : Optimization terminated successfully.
simulation 345/500 complete.
Status : Optimization terminated successfully.
simulation 372/500 complete.
Status : Optimization terminated successfully.
simulation 404/500 complete.
Status : Optimization terminated successfully.
simulation 417/500 complete.
Status : Optimization terminated successfully.
simulation 428/500 complete.
Status : Optimization terminated successfully.
simulation 437/500 complete.
Status : Optimization terminated successfully.
simulation 468/500 complete.
Status : Optimization terminated successfully.
simulation 496/500 complete.
Status : Optimization terminated successfully.
simulation 12/500 complete.
Status : Optimization terminated successfully.
simulation 44/500 complete.
Status : Optimization terminated successfully.
simulation 70/500 complete.
Status : Optimization terminated successfully.
simulation 79/500 complete.
Status : Optimization terminated successfully.
simulation 98/500 complete.
Status : Optimization terminated successfully.
simulation 114/500 complete.
Status : Optimization terminated successfully.
simulation 132/500 complete.
Status : Optimization terminated successfully.
simulation 138/500 complete.
Status : Optimization terminated successfully.
simulation 150/500 complete.
Status : Optimization terminated successfully.
simulation 178/500 complete.
Status : Optimization terminated successfully.
simulation 197/500 complete.
Status : Optimization terminated successfully.
simulation 212/500 complete.
Status : Optimization terminated successfully.
simulation 225/500 complete.
Status : Optimization terminated successfully.
simulation 240/500 complete.
Status : Optimization terminated successfully.
simulation 273/500 complete.
Status : Optimization terminated successfully.
simulation 313/500 complete.
Status : Optimization terminated successfully.
simulation 349/500 complete.
Status : Optimization terminated successfully.
simulation 359/500 complete.
Status : Optimization terminated successfully.
simulation 364/500 complete.
Status : Optimization terminated successfully.
simulation 377/500 complete.
Status : Optimization terminated successfully.
simulation 400/500 complete.
Status : Optimization terminated successfully.
simulation 415/500 complete.
Status : Optimization terminated successfully.
simulation 420/500 complete.
Status : Optimization terminated successfully.
simulation 458/500 complete.
Status : Optimization terminated successfully.
simulation 470/500 complete.
Status : Optimization terminated successfully.
simulation 478/500 complete.
Status : Optimization terminated successfully.
simulation 487/500 complete.
Status : Optimization terminated successfully.
simulation 500/500 complete.
Status : Optimization terminated successfully.
simulation 6/500 complete.
Status : Optimization terminated successfully.
simulation 22/500 complete.
Status : Optimization terminated successfully.
simulation 31/500 complete.
Status : Optimization terminated successfully.
simulation 62/500 complete.
Status : Optimization terminated successfully.
simulation 95/500 complete.
Status : Optimization terminated successfully.
simulation 106/500 complete.
Status : Optimization terminated successfully.
simulation 135/500 complete.
Status : Optimization terminated successfully.
simulation 163/500 complete.
Status : Optimization terminated successfully.
simulation 177/500 complete.
Status : Optimization terminated successfully.
simulation 207/500 complete.
Status : Optimization terminated successfully.
simulation 218/500 complete.
Status : Optimization terminated successfully.
simulation 248/500 complete.
Status : Optimization terminated successfully.
simulation 271/500 complete.
Status : Optimization terminated successfully.
simulation 301/500 complete.
Status : Optimization terminated successfully.
simulation 341/500 complete.
Status : Optimization terminated successfully.
simulation 346/500 complete.
Status : Optimization terminated successfully.
simulation 397/500 complete.
Status : Optimization terminated successfully.
simulation 411/500 complete.
Status : Optimization terminated successfully.
simulation 423/500 complete.
Status : Optimization terminated successfully.
simulation 453/500 complete.
Status : Optimization terminated successfully.
simulation 485/500 complete.
Status : Optimization terminated successfully.
simulation 17/500 complete.
Status : Optimization terminated successfully.
simulation 51/500 complete.
Status : Optimization terminated successfully.
simulation 66/500 complete.
Status : Optimization terminated successfully.
simulation 82/500 complete.
Status : Optimization terminated successfully.
simulation 97/500 complete.
Status : Optimization terminated successfully.
simulation 125/500 complete.
Status : Optimization terminated successfully.
simulation 136/500 complete.
Status : Optimization terminated successfully.
simulation 149/500 complete.
Status : Optimization terminated successfully.
simulation 173/500 complete.
Status : Optimization terminated successfully.
simulation 202/500 complete.
Status : Optimization terminated successfully.
simulation 211/500 complete.
Status : Optimization terminated successfully.
simulation 220/500 complete.
Status : Optimization terminated successfully.
simulation 226/500 complete.
Status : Optimization terminated successfully.
simulation 233/500 complete.
Status : Optimization terminated successfully.
simulation 262/500 complete.
Status : Optimization terminated successfully.
simulation 274/500 complete.
Status : Optimization terminated successfully.
simulation 282/500 complete.
Status : Optimization terminated successfully.
simulation 295/500 complete.
Status : Optimization terminated successfully.
simulation 304/500 complete.
Status : Optimization terminated successfully.
simulation 314/500 complete.
Status : Optimization terminated successfully.
simulation 329/500 complete.
Status : Optimization terminated successfully.
simulation 352/500 complete.
Status : Optimization terminated successfully.
simulation 366/500 complete.
Status : Optimization terminated successfully.
simulation 387/500 complete.
Status : Optimization terminated successfully.
simulation 414/500 complete.
Status : Optimization terminated successfully.
simulation 455/500 complete.
Status : Optimization terminated successfully.
simulation 483/500 complete.
Status : Optimization terminated successfully.
simulation 20/500 complete.
Status : Optimization terminated successfully.
simulation 54/500 complete.
Status : Optimization terminated successfully.
simulation 84/500 complete.
Status : Optimization terminated successfully.
simulation 94/500 complete.
Status : Optimization terminated successfully.
simulation 116/500 complete.
Status : Optimization terminated successfully.
simulation 156/500 complete.
Status : Optimization terminated successfully.
simulation 159/500 complete.
Status : Optimization terminated successfully.
simulation 187/500 complete.
Status : Optimization terminated successfully.
simulation 198/500 complete.
Status : Optimization terminated successfully.
simulation 221/500 complete.
Status : Optimization terminated successfully.
simulation 231/500 complete.
Status : Optimization terminated successfully.
simulation 269/500 complete.
Status : Optimization terminated successfully.
simulation 289/500 complete.
Status : Optimization terminated successfully.
simulation 297/500 complete.
Status : Optimization terminated successfully.
simulation 322/500 complete.
Status : Optimization terminated successfully.
simulation 332/500 complete.
Status : Optimization terminated successfully.
simulation 369/500 complete.
Status : Optimization terminated successfully.
simulation 388/500 complete.
Status : Optimization terminated successfully.
simulation 394/500 complete.
Status : Optimization terminated successfully.
simulation 409/500 complete.
Status : Optimization terminated successfully.
simulation 439/500 complete.
Status : Optimization terminated successfully.
simulation 447/500 complete.
Status : Optimization terminated successfully.
simulation 457/500 complete.
Status : Optimization terminated successfully.
simulation 475/500 complete.
Status : Optimization terminated successfully.
simulation 481/500 complete.
Status : Optimization terminated successfully.
simulation 7/500 complete.
Status : Optimization terminated successfully.
simulation 21/500 complete.
Status : Optimization terminated successfully.
simulation 40/500 complete.
Status : Optimization terminated successfully.
simulation 53/500 complete.
Status : Optimization terminated successfully.
simulation 65/500 complete.
Status : Optimization terminated successfully.
simulation 77/500 complete.
Status : Optimization terminated successfully.
simulation 90/500 complete.
Status : Optimization terminated successfully.
simulation 113/500 complete.
Status : Optimization terminated successfully.
simulation 142/500 complete.
Status : Optimization terminated successfully.
simulation 155/500 complete.
Status : Optimization terminated successfully.
simulation 174/500 complete.
Status : Optimization terminated successfully.
simulation 186/500 complete.
Status : Optimization terminated successfully.
simulation 219/500 complete.
Status : Optimization terminated successfully.
simulation 236/500 complete.
Status : Optimization terminated successfully.
simulation 246/500 complete.
Status : Optimization terminated successfully.
simulation 258/500 complete.
Status : Optimization terminated successfully.
simulation 270/500 complete.
Status : Optimization terminated successfully.
simulation 280/500 complete.
Status : Optimization terminated successfully.
simulation 292/500 complete.
Status : Optimization terminated successfully.
simulation 307/500 complete.
Status : Optimization terminated successfully.
simulation 318/500 complete.
Status : Optimization terminated successfully.
simulation 343/500 complete.
Status : Optimization terminated successfully.
simulation 376/500 complete.
Status : Optimization terminated successfully.
simulation 382/500 complete.
Status : Optimization terminated successfully.
simulation 416/500 complete.
Status : Optimization terminated successfully.
simulation 425/500 complete.
Status : Optimization terminated successfully.
simulation 451/500 complete.
Status : Optimization terminated successfully.
simulation 459/500 complete.
Status : Optimization terminated successfully.
simulation 492/500 complete.
Status : Optimization terminated successfully.
simulation 2/500 complete.
Status : Optimization terminated successfully.
simulation 25/500 complete.
Status : Optimization terminated successfully.
simulation 33/500 complete.
Status : Optimization terminated successfully.
simulation 63/500 complete.
Status : Optimization terminated successfully.
simulation 87/500 complete.
Status : Optimization terminated successfully.
simulation 93/500 complete.
Status : Optimization terminated successfully.
simulation 103/500 complete.
Status : Optimization terminated successfully.
simulation 118/500 complete.
Status : Optimization terminated successfully.
simulation 127/500 complete.
Status : Optimization terminated successfully.
simulation 160/500 complete.
Status : Optimization terminated successfully.
simulation 172/500 complete.
Status : Optimization terminated successfully.
simulation 183/500 complete.
Status : Optimization terminated successfully.
simulation 228/500 complete.
Status : Optimization terminated successfully.
simulation 243/500 complete.
Status : Optimization terminated successfully.
simulation 260/500 complete.
Status : Optimization terminated successfully.
simulation 296/500 complete.
Status : Optimization terminated successfully.
simulation 302/500 complete.
Status : Optimization terminated successfully.
simulation 338/500 complete.
Status : Optimization terminated successfully.
simulation 363/500 complete.
Status : Optimization terminated successfully.
simulation 395/500 complete.
Status : Optimization terminated successfully.
simulation 435/500 complete.
Status : Optimization terminated successfully.
simulation 463/500 complete.
Status : Optimization terminated successfully.
simulation 8/500 complete.
Status : Optimization terminated successfully.
simulation 37/500 complete.
Status : Optimization terminated successfully.
simulation 46/500 complete.
Status : Optimization terminated successfully.
simulation 55/500 complete.
Status : Optimization terminated successfully.
simulation 64/500 complete.
Status : Optimization terminated successfully.
simulation 69/500 complete.
Status : Optimization terminated successfully.
simulation 81/500 complete.
Status : Optimization terminated successfully.
simulation 128/500 complete.
Status : Optimization terminated successfully.
simulation 162/500 complete.
Status : Optimization terminated successfully.
simulation 169/500 complete.
Status : Optimization terminated successfully.
simulation 199/500 complete.
Status : Optimization terminated successfully.
simulation 214/500 complete.
Status : Optimization terminated successfully.
simulation 238/500 complete.
Status : Optimization terminated successfully.
simulation 247/500 complete.
Status : Optimization terminated successfully.
simulation 259/500 complete.
Status : Optimization terminated successfully.
simulation 287/500 complete.
Status : Optimization terminated successfully.
simulation 303/500 complete.
Status : Optimization terminated successfully.
simulation 312/500 complete.
Status : Optimization terminated successfully.
simulation 325/500 complete.
Status : Optimization terminated successfully.
simulation 335/500 complete.
Status : Optimization terminated successfully.
simulation 357/500 complete.
Status : Optimization terminated successfully.
simulation 386/500 complete.
Status : Optimization terminated successfully.
simulation 399/500 complete.
Status : Optimization terminated successfully.
simulation 424/500 complete.
Status : Optimization terminated successfully.
simulation 433/500 complete.
Status : Optimization terminated successfully.
simulation 445/500 complete.
Status : Optimization terminated successfully.
simulation 454/500 complete.
Status : Optimization terminated successfully.
simulation 491/500 complete.
Status : Optimization terminated successfully.
simulation 10/500 complete.
Status : Optimization terminated successfully.
simulation 30/500 complete.
Status : Optimization terminated successfully.
simulation 41/500 complete.
Status : Optimization terminated successfully.
simulation 72/500 complete.
Status : Optimization terminated successfully.
simulation 86/500 complete.
Status : Optimization terminated successfully.
simulation 121/500 complete.
Status : Optimization terminated successfully.
simulation 131/500 complete.
Status : Optimization terminated successfully.
simulation 139/500 complete.
Status : Optimization terminated successfully.
simulation 146/500 complete.
Status : Optimization terminated successfully.
simulation 168/500 complete.
Status : Optimization terminated successfully.
simulation 191/500 complete.
Status : Optimization terminated successfully.
simulation 209/500 complete.
Status : Optimization terminated successfully.
simulation 213/500 complete.
Status : Optimization terminated successfully.
simulation 253/500 complete.
Status : Optimization terminated successfully.
simulation 283/500 complete.
Status : Optimization terminated successfully.
simulation 291/500 complete.
Status : Optimization terminated successfully.
simulation 321/500 complete.
Status : Optimization terminated successfully.
simulation 340/500 complete.
Status : Optimization terminated successfully.
simulation 353/500 complete.
Status : Optimization terminated successfully.
simulation 367/500 complete.
Status : Optimization terminated successfully.
simulation 381/500 complete.
Status : Optimization terminated successfully.
simulation 406/500 complete.
Status : Optimization terminated successfully.
simulation 419/500 complete.
Status : Optimization terminated successfully.
simulation 432/500 complete.
Status : Optimization terminated successfully.
simulation 443/500 complete.
Status : Optimization terminated successfully.
simulation 449/500 complete.
Status : Optimization terminated successfully.
simulation 465/500 complete.
Status : Optimization terminated successfully.
simulation 495/500 complete.
Status : Optimization terminated successfully.
simulation 11/500 complete.
Status : Optimization terminated successfully.
simulation 39/500 complete.
Status : Optimization terminated successfully.
simulation 49/500 complete.
Status : Optimization terminated successfully.
simulation 58/500 complete.
Status : Optimization terminated successfully.
simulation 76/500 complete.
Status : Optimization terminated successfully.
simulation 92/500 complete.
Status : Optimization terminated successfully.
simulation 109/500 complete.
Status : Optimization terminated successfully.
simulation 154/500 complete.
Status : Optimization terminated successfully.
simulation 179/500 complete.
Status : Maximum number of function evaluations has been exceeded.
simulation 234/500 complete.
Status : Optimization terminated successfully.
simulation 264/500 complete.
Status : Optimization terminated successfully.
simulation 272/500 complete.
Status : Optimization terminated successfully.
simulation 308/500 complete.
Status : Optimization terminated successfully.
simulation 315/500 complete.
Status : Optimization terminated successfully.
simulation 331/500 complete.
Status : Optimization terminated successfully.
simulation 348/500 complete.
Status : Optimization terminated successfully.
simulation 354/500 complete.
Status : Optimization terminated successfully.
simulation 370/500 complete.
Status : Optimization terminated successfully.
simulation 379/500 complete.
Status : Optimization terminated successfully.
simulation 401/500 complete.
Status : Optimization terminated successfully.
simulation 429/500 complete.
Status : Optimization terminated successfully.
simulation 441/500 complete.
Status : Optimization terminated successfully.
simulation 467/500 complete.
Status : Optimization terminated successfully.
simulation 499/500 complete.
Status : Optimization terminated successfully.
simulation 3/500 complete.
Status : Optimization terminated successfully.
simulation 23/500 complete.
Status : Optimization terminated successfully.
simulation 50/500 complete.
Status : Optimization terminated successfully.
simulation 96/500 complete.
Status : Optimization terminated successfully.
simulation 105/500 complete.
Status : Optimization terminated successfully.
simulation 117/500 complete.
Status : Optimization terminated successfully.
simulation 147/500 complete.
Status : Optimization terminated successfully.
simulation 193/500 complete.
Status : Optimization terminated successfully.
simulation 217/500 complete.
Status : Optimization terminated successfully.
simulation 230/500 complete.
Status : Optimization terminated successfully.
simulation 261/500 complete.
Status : Optimization terminated successfully.
simulation 298/500 complete.
Status : Optimization terminated successfully.
simulation 306/500 complete.
Status : Optimization terminated successfully.
simulation 328/500 complete.
Status : Optimization terminated successfully.
simulation 344/500 complete.
Status : Optimization terminated successfully.
simulation 355/500 complete.
Status : Optimization terminated successfully.
simulation 368/500 complete.
Status : Optimization terminated successfully.
simulation 393/500 complete.
Status : Optimization terminated successfully.
simulation 403/500 complete.
Status : Optimization terminated successfully.
simulation 431/500 complete.
Status : Optimization terminated successfully.
simulation 444/500 complete.
Status : Optimization terminated successfully.
simulation 469/500 complete.
Status : Optimization terminated successfully.
simulation 494/500 complete.
Status : Optimization terminated successfully.
simulation 4/500 complete.
Status : Optimization terminated successfully.
simulation 26/500 complete.
Status : Optimization terminated successfully.
simulation 36/500 complete.
Status : Optimization terminated successfully.
simulation 45/500 complete.
Status : Optimization terminated successfully.
simulation 56/500 complete.
Status : Optimization terminated successfully.
simulation 67/500 complete.
Status : Optimization terminated successfully.
simulation 101/500 complete.
Status : Optimization terminated successfully.
simulation 129/500 complete.
Status : Optimization terminated successfully.
simulation 144/500 complete.
Status : Optimization terminated successfully.
simulation 176/500 complete.
Status : Optimization terminated successfully.
simulation 200/500 complete.
Status : Optimization terminated successfully.
simulation 239/500 complete.
Status : Optimization terminated successfully.
simulation 265/500 complete.
Status : Optimization terminated successfully.
simulation 276/500 complete.
Status : Optimization terminated successfully.
simulation 286/500 complete.
Status : Optimization terminated successfully.
simulation 319/500 complete.
Status : Optimization terminated successfully.
simulation 351/500 complete.
Status : Optimization terminated successfully.
simulation 374/500 complete.
Status : Optimization terminated successfully.
simulation 391/500 complete.
Status : Optimization terminated successfully.
simulation 402/500 complete.
Status : Optimization terminated successfully.
simulation 412/500 complete.
Status : Optimization terminated successfully.
simulation 448/500 complete.
Status : Optimization terminated successfully.
simulation 473/500 complete.
Status : Optimization terminated successfully.
simulation 479/500 complete.
Status : Optimization terminated successfully.
simulation 493/500 complete.
Status : Optimization terminated successfully.
simulation 497/500 complete.
Status : Optimization terminated successfully.
