PS2 Deep ODZ core monte carlo simulation initiated
simulation 4/10 complete.
Status : Optimization terminated successfully.
simulation 9/10 complete.
Status : Optimization terminated successfully.
simulation 2/10 complete.
Status : Maximum number of function evaluations has been exceeded.
simulation 1/10 complete.
Status : Optimization terminated successfully.
simulation 8/10 complete.
Status : Optimization terminated successfully.
monte carlo simulation terminated. Execution time:3320.70747590065
simulation 5/10 complete.
Status : Optimization terminated successfully.
simulation 7/10 complete.
Status : Optimization terminated successfully.
simulation 3/10 complete.
Status : Optimization terminated successfully.
simulation 6/10 complete.
Status : Optimization terminated successfully.
simulation 10/10 complete.
Status : Optimization terminated successfully.
