PS2 Deep ODZ core monte carlo simulation initiated
simulation 3/50 complete.
Status : Optimization terminated successfully.
simulation 27/50 complete.
Status : Optimization terminated successfully.
simulation 33/50 complete.
Status : Optimization terminated successfully.
simulation 41/50 complete.
Status : Optimization terminated successfully.
simulation 7/50 complete.
Status : Optimization terminated successfully.
simulation 12/50 complete.
Status : Optimization terminated successfully.
simulation 20/50 complete.
Status : Optimization terminated successfully.
simulation 31/50 complete.
Status : Optimization terminated successfully.
simulation 46/50 complete.
Status : Optimization terminated successfully.
simulation 6/50 complete.
Status : Optimization terminated successfully.
simulation 16/50 complete.
Status : Optimization terminated successfully.
simulation 25/50 complete.
Status : Optimization terminated successfully.
simulation 38/50 complete.
Status : Optimization terminated successfully.
simulation 50/50 complete.
Status : Optimization terminated successfully.
simulation 9/50 complete.
Status : Optimization terminated successfully.
simulation 18/50 complete.
Status : Optimization terminated successfully.
simulation 29/50 complete.
Status : Optimization terminated successfully.
simulation 35/50 complete.
Status : Optimization terminated successfully.
simulation 44/50 complete.
Status : Optimization terminated successfully.
simulation 49/50 complete.
Status : Optimization terminated successfully.
monte carlo simulation terminated. Execution time:2544.1617300510406
simulation 8/50 complete.
Status : Optimization terminated successfully.
simulation 14/50 complete.
Status : Optimization terminated successfully.
simulation 21/50 complete.
Status : Optimization terminated successfully.
simulation 30/50 complete.
Status : Optimization terminated successfully.
simulation 34/50 complete.
Status : Optimization terminated successfully.
simulation 43/50 complete.
Status : Optimization terminated successfully.
simulation 48/50 complete.
Status : Optimization terminated successfully.
simulation 10/50 complete.
Status : Optimization terminated successfully.
simulation 24/50 complete.
Status : Optimization terminated successfully.
simulation 32/50 complete.
Status : Optimization terminated successfully.
simulation 42/50 complete.
Status : Optimization terminated successfully.
simulation 4/50 complete.
Status : Optimization terminated successfully.
simulation 17/50 complete.
Status : Optimization terminated successfully.
simulation 19/50 complete.
Status : Optimization terminated successfully.
simulation 28/50 complete.
Status : Optimization terminated successfully.
simulation 36/50 complete.
Status : Optimization terminated successfully.
simulation 40/50 complete.
Status : Optimization terminated successfully.
simulation 5/50 complete.
Status : Optimization terminated successfully.
simulation 15/50 complete.
Status : Optimization terminated successfully.
simulation 22/50 complete.
Status : Optimization terminated successfully.
simulation 37/50 complete.
Status : Optimization terminated successfully.
simulation 1/50 complete.
Status : Optimization terminated successfully.
simulation 11/50 complete.
Status : Optimization terminated successfully.
simulation 23/50 complete.
Status : Optimization terminated successfully.
simulation 39/50 complete.
Status : Optimization terminated successfully.
simulation 47/50 complete.
Status : Optimization terminated successfully.
simulation 2/50 complete.
Status : Optimization terminated successfully.
simulation 13/50 complete.
Status : Optimization terminated successfully.
simulation 26/50 complete.
Status : Optimization terminated successfully.
simulation 45/50 complete.
Status : Maximum number of function evaluations has been exceeded.
