PS3 Mid-oxycline monte carlo simulation initiated
monte carlo simulation terminated. Execution time:1308.7189972400665
simulation 2/100 complete.
Status : Optimization terminated successfully.
simulation 23/100 complete.
Status : Optimization terminated successfully.
simulation 28/100 complete.
Status : Optimization terminated successfully.
simulation 64/100 complete.
Status : Optimization terminated successfully.
simulation 85/100 complete.
Status : Optimization terminated successfully.
simulation 4/100 complete.
Status : Optimization terminated successfully.
simulation 31/100 complete.
Status : Optimization terminated successfully.
simulation 44/100 complete.
Status : Optimization terminated successfully.
simulation 58/100 complete.
Status : Optimization terminated successfully.
simulation 71/100 complete.
Status : Optimization terminated successfully.
simulation 87/100 complete.
Status : Optimization terminated successfully.
simulation 13/100 complete.
Status : Optimization terminated successfully.
simulation 33/100 complete.
Status : Optimization terminated successfully.
simulation 45/100 complete.
Status : Optimization terminated successfully.
simulation 55/100 complete.
Status : Optimization terminated successfully.
simulation 73/100 complete.
Status : Optimization terminated successfully.
simulation 1/100 complete.
Status : Optimization terminated successfully.
simulation 39/100 complete.
Status : Optimization terminated successfully.
simulation 56/100 complete.
Status : Optimization terminated successfully.
simulation 67/100 complete.
Status : Optimization terminated successfully.
simulation 80/100 complete.
Status : Optimization terminated successfully.
simulation 7/100 complete.
Status : Optimization terminated successfully.
simulation 21/100 complete.
Status : Optimization terminated successfully.
simulation 59/100 complete.
Status : Optimization terminated successfully.
simulation 90/100 complete.
Status : Optimization terminated successfully.
simulation 5/100 complete.
Status : Optimization terminated successfully.
simulation 34/100 complete.
Status : Optimization terminated successfully.
simulation 63/100 complete.
Status : Optimization terminated successfully.
simulation 79/100 complete.
Status : Optimization terminated successfully.
simulation 18/100 complete.
Status : Optimization terminated successfully.
simulation 25/100 complete.
Status : Optimization terminated successfully.
simulation 42/100 complete.
Status : Optimization terminated successfully.
simulation 54/100 complete.
Status : Optimization terminated successfully.
simulation 72/100 complete.
Status : Optimization terminated successfully.
simulation 92/100 complete.
Status : Optimization terminated successfully.
simulation 12/100 complete.
Status : Optimization terminated successfully.
simulation 22/100 complete.
Status : Optimization terminated successfully.
simulation 40/100 complete.
Status : Optimization terminated successfully.
simulation 61/100 complete.
Status : Optimization terminated successfully.
simulation 74/100 complete.
Status : Optimization terminated successfully.
simulation 100/100 complete.
Status : Optimization terminated successfully.
simulation 14/100 complete.
Status : Optimization terminated successfully.
simulation 43/100 complete.
Status : Optimization terminated successfully.
simulation 53/100 complete.
Status : Optimization terminated successfully.
simulation 70/100 complete.
Status : Optimization terminated successfully.
simulation 94/100 complete.
Status : Optimization terminated successfully.
simulation 10/100 complete.
Status : Optimization terminated successfully.
simulation 30/100 complete.
Status : Optimization terminated successfully.
simulation 41/100 complete.
Status : Optimization terminated successfully.
simulation 84/100 complete.
Status : Optimization terminated successfully.
simulation 17/100 complete.
Status : Optimization terminated successfully.
simulation 29/100 complete.
Status : Optimization terminated successfully.
simulation 57/100 complete.
Status : Optimization terminated successfully.
simulation 75/100 complete.
Status : Optimization terminated successfully.
simulation 91/100 complete.
Status : Optimization terminated successfully.
simulation 8/100 complete.
Status : Optimization terminated successfully.
simulation 36/100 complete.
Status : Optimization terminated successfully.
simulation 62/100 complete.
Status : Optimization terminated successfully.
simulation 77/100 complete.
Status : Optimization terminated successfully.
simulation 93/100 complete.
Status : Optimization terminated successfully.
simulation 3/100 complete.
Status : Optimization terminated successfully.
simulation 24/100 complete.
Status : Optimization terminated successfully.
simulation 48/100 complete.
Status : Optimization terminated successfully.
simulation 60/100 complete.
Status : Optimization terminated successfully.
simulation 86/100 complete.
Status : Optimization terminated successfully.
simulation 6/100 complete.
Status : Optimization terminated successfully.
simulation 37/100 complete.
Status : Optimization terminated successfully.
simulation 51/100 complete.
Status : Optimization terminated successfully.
simulation 78/100 complete.
Status : Optimization terminated successfully.
simulation 99/100 complete.
Status : Optimization terminated successfully.
simulation 20/100 complete.
Status : Optimization terminated successfully.
simulation 32/100 complete.
Status : Optimization terminated successfully.
simulation 47/100 complete.
Status : Optimization terminated successfully.
simulation 65/100 complete.
Status : Optimization terminated successfully.
simulation 88/100 complete.
Status : Optimization terminated successfully.
simulation 9/100 complete.
Status : Optimization terminated successfully.
simulation 26/100 complete.
Status : Optimization terminated successfully.
simulation 49/100 complete.
Status : Optimization terminated successfully.
simulation 69/100 complete.
Status : Optimization terminated successfully.
simulation 98/100 complete.
Status : Optimization terminated successfully.
simulation 15/100 complete.
Status : Optimization terminated successfully.
simulation 46/100 complete.
Status : Optimization terminated successfully.
simulation 76/100 complete.
Status : Optimization terminated successfully.
simulation 82/100 complete.
Status : Optimization terminated successfully.
simulation 89/100 complete.
Status : Optimization terminated successfully.
simulation 16/100 complete.
Status : Optimization terminated successfully.
simulation 27/100 complete.
Status : Maximum number of function evaluations has been exceeded.
simulation 81/100 complete.
Status : Optimization terminated successfully.
simulation 95/100 complete.
Status : Optimization terminated successfully.
simulation 19/100 complete.
Status : Optimization terminated successfully.
simulation 38/100 complete.
Status : Optimization terminated successfully.
simulation 52/100 complete.
Status : Optimization terminated successfully.
simulation 68/100 complete.
Status : Optimization terminated successfully.
simulation 97/100 complete.
Status : Optimization terminated successfully.
simulation 11/100 complete.
Status : Optimization terminated successfully.
simulation 35/100 complete.
Status : Optimization terminated successfully.
simulation 50/100 complete.
Status : Optimization terminated successfully.
simulation 66/100 complete.
Status : Optimization terminated successfully.
simulation 83/100 complete.
Status : Optimization terminated successfully.
simulation 96/100 complete.
Status : Optimization terminated successfully.
