estimated k for N2O production from NH4+: 2.2935860975040066e-09
estimated k for N2O production from NO3-: 1.1833877118299453e-09
estimated k for N2O production from NO2-: 2.9291331172585736e-08
estimated k for N2O production from NO: 0.00038017743395664535
estimated k for hybrid pathway #1 from NH4+ & NO2-: 7.463608563630692e-05
estimated k for hybrid pathway #2 from NH4+ & NO2-: 4.711399329294884e-08
estimated k for hybrid pathway #1 from NH2OH & NO: 0.009255919047411637
estimated k for hybrid pathway #2 from NH2OH & NO: 0.002862658602153251
estimated k for hybrid pathway #1 from NH2OH & NO2-: 0.00011816461363647969
estimated k for hybrid pathway #2 from NH2OH & NO2-: 2.6911425530614896e-05
[ 4.27752496 33.26960154  3.31893666]
objective(x0) = 40.86606314544723
[ 4.27752496 33.26960154  3.31893666]
[ 4.26918112 33.26960023  3.31893632]
[ 4.27681924 32.54334584  3.31886952]
[ 4.27465714 33.26847338  3.26966804]
[ 4.35363356 33.30099635  3.31890672]
[ 4.69234134 33.51858809  3.31893666]
[ 3.98692033 32.73575986  3.29919021]
[ 3.85125286 32.33767754  3.28931701]
[ 4.04657104 32.58714669  3.28738427]
[ 3.94421611 32.33731946  3.27473342]
[ 3.87710341 31.96784689  3.25705267]
[ 3.83451278 31.32632949  3.22611102]
[ 3.83261578 31.20040475  3.28889796]
[ 4.01848978 30.19209494  3.29851294]
[ 4.081059   30.96713712  3.2315541 ]
[ 4.29594641 30.24263178  3.24070708]
[ 4.70125709 29.68503614  3.23974736]
[ 4.89380155 28.71210731  3.20533613]
[ 5.91154515 27.04115868  3.16334603]
[ 5.99320712 27.90121275  3.24343575]
[ 6.00053048 27.08693448  3.24274533]
[ 6.32719341 26.60777435  3.23440765]
[ 6.46512022 25.96036926  3.23323148]
[ 7.35325355 24.38595279  3.22997355]
[ 9.29816273 23.38357634  3.14705101]
[ 7.87796671 23.71973835  3.16357367]
[ 8.69686481 22.3420288   3.12364295]
[ 8.77805664 22.65205399  3.1166234 ]
[ 9.58079473 21.8405936   3.07784773]
[11.23410221 21.04609773  3.11470919]
[ 8.95945959 21.83301282  3.1180674 ]
[ 8.6939576  22.52016956  3.10357565]
[ 6.11122718 25.35269163  3.15175254]
[ 9.30586785 21.70045646  3.00520168]
[11.06594686 21.74283128  3.02480102]
[ 7.61621013 23.3310795   3.12001445]
[ 8.92091566 21.84294404  3.06128611]
[ 8.97876869 22.07640194  3.03361762]
[ 7.97720176 22.23433153  3.09343702]
[ 7.35671379 22.51100203  3.10123168]
[ 8.14375819 22.27579841  3.03867757]
[ 9.03710655 23.22291896  3.00977153]
[ 8.098144   22.37048715  3.09245356]
[ 7.32934    22.49696617  3.15948554]
[ 7.02404761 22.6393962   3.06318625]
[ 6.27518375 23.03926189  3.03574583]
[ 6.50884086 23.04579275  3.10975136]
[ 6.73886995 23.33386386  3.08550294]
[ 5.84517164 23.52840102  3.15800965]
[ 6.65109487 23.18779357  3.14018651]
[ 5.8456959  23.58072836  3.05848457]
[ 6.57007757 23.5142121   3.04510279]
[ 6.37969525 23.0975374   3.11641546]
[ 5.5373386  24.16878226  3.09013081]
[ 5.73631494 23.68244652  3.09290603]
[ 5.3335611  23.81088753  3.07487305]
[ 4.75846599 24.34970129  3.05743395]
[ 5.45799326 24.05919357  3.04461648]
[ 5.50035662 23.82695226  3.06256616]
[ 5.34199349 23.87164641  2.96484622]
[ 5.30805228 23.69682711  2.97872493]
[ 5.16550923 23.70941864  2.92163508]
[ 4.88210197 23.87999975  2.95840624]
[ 4.46224761 24.07587391  2.90836761]
[ 5.31210644 23.69692301  2.89264585]
[ 3.98315216 25.38074491  2.86222625]
[ 4.29938861 24.59174926  2.90560573]
[ 4.23499187 24.32812963  2.90942865]
[ 4.99178672 23.75418285  2.75764259]
[ 4.07971623 24.47134649  2.86842544]
[ 4.06704772 24.88562957  2.85631449]
[ 4.83186924 23.63874633  2.84059362]
[ 5.2657309  23.34025335  2.80808781]
[ 4.22362509 24.47619433  2.79214766]
[ 3.99363731 24.5870183   2.96994404]
[ 4.57410855 23.96788036  2.81071729]
[ 5.07800913 23.78332741  2.94286603]
[ 4.18692246 24.26878063  2.82982692]
[ 4.49751914 23.86462947  2.79374405]
[ 4.64623972 23.70145914  2.73590255]
[ 4.42565043 23.91805522  2.72581896]
[ 4.548663   23.87333976  2.63454595]
[ 5.37968636 23.31057458  2.67220968]
[ 4.9004093  23.57954142  2.72126302]
[ 4.56230141 23.72588498  2.69413513]
[ 4.57414868 23.76924204  2.63584493]
[ 4.42179978 23.97613938  2.5823616 ]
[ 5.0442784  23.56521997  2.4941447 ]
[ 4.36189263 23.9941075   2.51185753]
[ 4.27410988 24.37044779  2.40715775]
[ 4.0837419  24.280486    2.74606224]
[ 4.72520962 23.66906982  2.55712298]
[ 4.95898583 24.10008988  2.43279431]
[ 4.51873441 23.74413627  2.66012396]
[ 4.46558231 23.91701739  2.54437829]
[ 4.76121602 23.78903405  2.58136888]
[ 4.44064158 23.86594869  2.58211342]
[ 4.39744716 23.86173657  2.50639387]
[ 4.31823481 23.9114742   2.44166948]
[ 4.16173251 24.04927766  2.53893309]
[ 4.26139961 24.06535961  2.54949965]
[ 4.28435082 24.20639094  2.38950833]
[ 4.11859424 24.17280218  2.39047489]
[ 4.34321736 23.85874354  2.58346667]
[ 4.2385465  24.10813487  2.43706069]
[ 4.14405625 24.01957234  2.44478359]
[ 4.15736205 24.06116738  2.41124697]
[ 4.09042175 24.27579995  2.31770523]
[ 4.0911491  24.2015114   2.41636472]
[ 4.09624326 24.13702111  2.26546963]
[ 4.07645328 24.18478615  2.1287445 ]
[ 4.17677257 24.13139226  2.27298425]
[ 4.23563408 23.95143378  2.35375404]
[ 4.30933696 23.8718456   2.26629702]
[ 4.07746105 24.09374491  2.14495852]
[ 4.06267705 24.1745709   1.99661185]
[ 4.12327948 24.06309015  1.96258413]
[ 4.13547929 24.08997467  1.72151232]
[ 4.07103885 24.18552292  1.9137777 ]
[ 4.00371906 24.20921744  1.65705245]
[ 3.9855666  24.34678961  1.30878887]
[ 4.00414795 24.45450924  1.3615279 ]
[ 4.05573835 24.25608093  1.19222341]
[ 4.24956878 24.2814518   0.7243629 ]
[ 4.0119364  24.32418706  0.81552979]
[ 4.11335594 24.4037837   0.22802662]
[ 4.07729622 24.65857771  0.22588351]
[ 4.27983943 24.6232692   0.19199457]
[ 4.19046157 24.45497955  0.44749724]
[ 4.27270069 24.52916349  1.09452001]
[ 4.02324204 24.40634287  0.7090553 ]
[ 4.35220854 24.73399225  0.51672892]
[ 4.11069169 24.3782621   0.41604705]
[ 4.17913648 24.53935694  0.61866924]
[ 4.05261605 24.44384073  0.37922082]
[ 4.0656333  24.24258551  0.50422188]
[ 4.08563224 24.33637414  1.1407074 ]
[ 4.08326873 24.42836338  0.06714123]
[ 4.04730011 24.23719011  0.36831424]
[ 4.13317803 24.26596814  0.16058726]
[ 4.40874874 24.20138928  0.05189669]
[ 4.17328338 24.14179021  0.11180867]
[ 4.43167485 23.99848056  0.05800013]
[ 4.083035   24.46471808  0.18952585]
[ 4.08138609 24.17763408  0.08206759]
[ 4.18870189 24.08731526  0.21851886]
[ 4.10216019 24.18126025  0.38832577]
[ 4.06629773 24.18886426  0.24753701]
[ 4.12551693 24.34301469  0.21750033]
[ 4.04545174 24.22197982  0.22566234]
[ 4.331262   23.98761767  0.31309546]
[ 4.04398883 24.30727751  0.06143819]
[ 4.12841288 24.14591188  0.07693124]
[ 4.06285331 24.24342494  0.11035458]
[ 4.08594049 24.17575021  0.21156899]
[ 4.0752086  24.1859661   0.10975241]
[ 4.25357392 24.25949191  0.17429989]
[ 4.08569551 24.17455531  0.05743374]
[ 4.07709549 24.19908448  0.0992854 ]
[ 4.15549781 24.04687527  0.05728857]
[ 4.27054458 23.935191    0.08510497]
[ 4.10454884 24.16300877  0.13815307]
[ 4.08363816 24.16332547  0.05685346]
[ 4.12204166 24.09315611  0.11978032]
[ 4.12623001 24.11109007  0.05554819]
[ 4.14881992 24.0498445   0.12220091]
[ 4.14002019 24.1219362   0.07906011]
[ 4.11000283 24.09989616  0.08116054]
[ 4.07773178 24.18082481  0.09705   ]
[ 4.1226465  24.08361162  0.07844285]
[ 4.17335487 24.03065242  0.04626214]
[ 4.26260014 23.96908262  0.04699955]
[ 4.19956188 23.99411852  0.04630295]
[ 4.2929441  23.92670178  0.05224019]
[ 4.22048323 23.99178741  0.08334601]
[ 4.12930231 24.07946277  0.0463781 ]
[ 4.20016888 23.99055583  0.07375516]
[ 4.2214083  23.97437436  0.1126344 ]
[ 4.14275935 24.05453161  0.05096194]
[ 4.11890107 24.08834858  0.06810832]
[ 4.17654938 24.01492474  0.0552877 ]
[ 4.17643887 24.01978495  0.0539084 ]
[ 4.22164113 23.96409343  0.04795787]
[ 4.28378565 23.90836736  0.05159608]
[ 4.21915709 23.99507522  0.04638395]
[ 4.1732248  24.01844143  0.04629048]
[ 4.19691624 23.99916902  0.0529407 ]
[ 4.18731367 24.00336633  0.04769414]
[ 4.24609064 23.94386654  0.05712816]
[ 4.21708385 23.97070746  0.05012209]
[ 4.22284464 23.96385313  0.05144463]
[ 4.22021095 23.9799485   0.04688545]
[ 4.20008949 23.98808367  0.04602308]
[ 4.22679083 23.95778809  0.0504461 ]
[ 4.19257225 23.99548588  0.0486577 ]
[ 4.25535173 23.93344522  0.04645568]
[ 4.2205413  23.96407981  0.05186484]
[ 4.25906429 23.92790728  0.05833317]
[ 4.2079816  23.97812879  0.04608413]
[ 4.22361261 23.96412305  0.04829763]
[ 4.22255697 23.9639597   0.04626827]
[ 4.1806483  24.00878122  0.04882231]
[ 4.23482919 23.95155877  0.0459971 ]
[ 4.20771496 23.98079009  0.04996456]
[ 4.22187959 23.96326701  0.04721026]
[ 4.24468842 23.94138141  0.04666725]
[ 4.23140803 23.95506161  0.04700143]
[ 4.2286487  23.95720941  0.04615273]
[ 4.2322811  23.95262218  0.04694981]
[ 4.23744544 23.94751013  0.04892916]
[ 4.2072823  23.98071956  0.04608338]
[ 4.23459315 23.95074802  0.04628372]
[ 4.21532714 23.97024272  0.04671965]
[ 4.22535307 23.96019676  0.04618523]
[ 4.23631733 23.94994121  0.04648821]
[ 4.22042423 23.96486676  0.04620675]
[ 4.2495194  23.93603082  0.04657333]
[ 4.23872104 23.94651821  0.0462371 ]
[ 4.23179965 23.95376405  0.04746425]
[ 4.22941266 23.95596448  0.04598983]
[ 4.22708783 23.95861261  0.04629999]
[ 4.23093975 23.95412302  0.04634752]
[ 4.23632923 23.94876907  0.04761505]
[ 4.22803324 23.95729112  0.04599001]
[ 4.22456671 23.96075756  0.04599622]
[ 4.24046071 23.94499975  0.04598985]
[ 4.22277663 23.96272124  0.0460422 ]
[ 4.23465039 23.95055522  0.04608976]
[ 4.21885802 23.96648163  0.04614453]
[ 4.23493771 23.9503516   0.04599976]
[ 4.22965271 23.95580922  0.04615288]
[ 4.23061324 23.95454099  0.04611108]
[ 4.23166549 23.95359356  0.04609895]
[ 4.23109629 23.95412035  0.04605162]
[ 4.23934918 23.94601253  0.0460931 ]
[ 4.22818416 23.9570552   0.04600948]
[ 4.23579995 23.94934318  0.04621143]
[ 4.22995137 23.95530307  0.04600202]
[ 4.227298   23.9579886   0.04599379]
[ 4.22397862 23.96130875  0.0460597 ]
[ 4.23217093 23.95306676  0.04600966]
[ 4.23354295 23.95164485  0.04610043]
[ 4.22884297 23.95639981  0.04600678]
[ 4.22880349 23.95645579  0.04599968]
[ 4.22857161 23.95676469  0.04599999]
[ 4.23009826 23.95509613  0.04604562]
[ 4.23089181 23.95434401  0.04603135]
[ 4.22932387 23.95591494  0.04600556]
[ 4.22950248 23.95570952  0.04602933]
[ 4.23086416 23.95434361  0.04603242]
[ 4.2326086  23.95261458  0.0460395 ]
[ 4.22928469 23.95593802  0.0460157 ]
[ 4.22746685 23.95773279  0.04604282]
[ 4.22955926 23.95561142  0.0460725 ]
[ 4.22949939 23.95568716  0.04605084]
[ 4.23224247 23.95297516  0.04602572]
[ 4.22865561 23.95654331  0.04603823]
[ 4.22986722 23.95533236  0.04604246]
[ 4.22958935 23.95561503  0.04603243]
[ 4.22799014 23.95721617  0.04603902]
[ 4.23014356 23.95505857  0.04603403]
[ 4.22877898 23.9564414   0.04602281]
[ 4.22976502 23.95543193  0.04603936]
[ 4.22977553 23.95539877  0.04606916]
[ 4.22940729 23.9558022   0.04602632]
[ 4.22952438 23.95569293  0.04601979]
[ 4.23071788 23.95449675  0.0460227 ]
[ 4.22917024 23.95603161  0.04603407]
[ 4.22970558 23.95548247  0.04604894]
[ 4.22966005 23.95553507  0.04604073]
[ 4.22967069 23.95552846  0.04603713]
[ 4.22945553 23.95575035  0.04602957]
[ 4.22930166 23.95590994  0.04602507]
[ 4.22946665 23.95574258  0.04602869]
[ 4.22961854 23.95558189  0.04603494]
Status : Optimization terminated successfully.
Total Evaluations: 275
[ 4.22961854 23.95558189  0.04603494]
Solution: f([2.61905236e-11 5.16698696e-08 6.45497502e-09 4.06062597e-08
 4.57524872e-01]) = 28.23124
Nit. (nM/day): 1.3036495556166149e-05
Denit. from NO2- (nM/day): 0.30755840338904994
Denit. from NO3- (nM/day): 3.361029143620373
Hybrid 2 (nM/day): 0.06989482151228835
f: 0.4575248717953267
Nit. (nM/day): 9.28867339399072e-06
Denit. from NO2- (nM/day): 1.3224876228231373
Denit. from NO3- (nM/day): 3.361029143620373
Hybrid 2 (nM/day): 0.12234168895783376
f: 0.4575248717953267
Nit. (nM/day): 9.289709471514859e-06
Denit. from NO2- (nM/day): 0.30765570429728767
Denit. from NO3- (nM/day): 3.661893232492832
Hybrid 2 (nM/day): 0.059011168342148854
f: 0.4575248717953267
[ 4.22961854 23.95558189  0.04603494]
[ 5.13642792 35.72705007  3.50775919]
objective(x0) = 44.37123717786502
[ 5.13642792 35.72705007  3.50775919]
[ 5.13008733 35.7270491   3.50775894]
[ 5.13153454 35.09163035  3.50770318]
[ 5.11469423 35.72612981  3.46791366]
[ 4.87908909 35.75657694  3.50773502]
[ 5.3027707  35.93237917  3.50775919]
[ 4.88958326 35.27420635  3.49178879]
[ 4.75436344 34.93933937  3.4838036 ]
[ 4.83118302 35.16850866  3.48220656]
[ 4.72387743 34.9428327   3.47198588]
[ 4.54110065 34.54483171  3.4540994 ]
[ 4.52635363 34.46605127  3.50630544]
[ 4.31042094 33.82113671  3.5255014 ]
[ 4.64036254 33.68948779  3.4735906 ]
[ 4.35813449 33.72932239  3.45997745]
[ 4.79499155 32.98045966  3.43611468]
[ 4.58440039 32.80599612  3.46703721]
[ 5.55597692 31.56596411  3.45945255]
[ 4.94398274 31.6898453   3.45569977]
[ 6.3322013  29.99052101  3.44164789]
[ 6.7770604  30.21508346  3.48042335]
[ 8.16050565 29.54518256  3.46366523]
[10.94992961 27.64264157  3.38702061]
[ 4.61753235 32.38248062  3.49088099]
[ 8.00192571 28.5137683   3.49831341]
[ 4.77970258 31.43199651  3.484622  ]
[ 4.75593282 32.21484527  3.49510041]
[ 6.30257964 29.49535796  3.49890251]
[ 6.75128224 28.48058888  3.51862756]
[ 8.90821787 27.0730503   3.47857263]
[ 6.76429864 28.05603118  3.48828998]
[ 6.75627307 27.05378678  3.4922233 ]
[ 5.26813713 29.06493682  3.4679639 ]
[ 6.27667899 27.33357593  3.53515608]
[ 6.24838252 26.1423746   3.58191054]
[ 9.81598508 23.8622357   3.53109705]
[ 5.06730596 26.75411703  3.55815632]
[ 4.1318363  26.70619355  3.59794844]
[ 5.50210214 24.96907985  3.54982948]
[ 5.03950566 24.02081507  3.56543048]
[ 6.99311804 22.98265579  3.6394807 ]
[ 5.54300062 23.44964646  3.67412437]
[ 4.48083183 25.15296419  3.6924613 ]
[ 5.3359176  25.20481427  3.68586764]
[ 5.72840989 24.763563    3.70499745]
[ 7.14310711 23.23672402  3.62472991]
[ 5.09787255 27.43155653  3.57349354]
[ 5.43227225 23.60029514  3.67212129]
[ 5.13649196 24.91780942  3.67271719]
[ 4.79930466 24.26256298  3.66072035]
[ 4.71786119 25.10991471  3.66646221]
[ 4.33817458 24.5543031   3.65971683]
[ 7.46322702 22.55890554  3.60038408]
[ 4.27328974 24.52924768  3.66944191]
[ 4.96822043 23.69182333  3.63561343]
[ 5.45895933 23.49330844  3.62306   ]
[ 4.0847019  25.11007983  3.60960946]
[ 5.00149575 23.72221728  3.65649329]
[ 4.13060251 24.60425209  3.600554  ]
[ 4.31637207 24.80953815  3.72329791]
[ 4.62843264 24.06595749  3.60489709]
[ 5.07291758 23.752727    3.60708305]
[ 5.61171336 23.3622671   3.57241464]
[ 4.35978406 24.2393267   3.64518499]
[ 4.32657868 24.43591161  3.65001407]
[ 4.36129644 24.23357808  3.63928129]
[ 4.03677492 24.73337347  3.5937191 ]
[ 4.16542175 24.43327813  3.60941261]
[ 5.27156091 23.61191923  3.65320181]
[ 4.20206966 24.36838793  3.61371592]
[ 4.14629929 24.32833502  3.65238625]
[ 4.06013669 24.48994183  3.67613093]
[ 4.41023846 24.91744232  3.62837897]
[ 4.50429824 24.00347496  3.63380481]
[ 4.15848962 24.28926582  3.61425536]
[ 4.08270515 24.31305714  3.59879058]
[ 4.08411954 24.37021194  3.60396278]
[ 4.19282447 24.15121654  3.6316515 ]
[ 4.2209344  24.07272003  3.64277097]
[ 4.22472282 24.04473125  3.6389702 ]
[ 4.3281043  23.90343408  3.65159737]
[ 3.97100762 24.35074053  3.62599831]
[ 4.16937812 24.04366031  3.59686179]
[ 4.33530671 23.91769406  3.56909968]
[ 4.14954634 24.07856164  3.64244482]
[ 4.28959701 23.94434056  3.66507879]
[ 4.76362245 23.63583963  3.65350315]
[ 4.04679655 24.16721154  3.63287451]
[ 4.2692771  23.94849099  3.63277189]
[ 4.08056255 24.16469519  3.59754144]
[ 4.03202816 24.21127833  3.58940047]
[ 4.08125316 24.24463269  3.5773353 ]
[ 4.11852279 24.0709041   3.62616739]
[ 4.0459492  24.32881928  3.58436639]
[ 4.15721891 24.03019712  3.62067049]
[ 4.17747355 24.02411977  3.57938218]
[ 4.27819827 23.96024686  3.55263613]
[ 4.19550991 24.03988811  3.60745145]
[ 4.09462401 24.10926217  3.60001894]
[ 4.34488161 23.89572082  3.61983984]
[ 4.0726773  24.12897597  3.5970103 ]
[ 4.15154507 24.09827579  3.57141015]
[ 4.12222568 24.06217174  3.61247805]
[ 4.08986578 24.11595012  3.60696218]
[ 4.14292313 24.05330159  3.59938688]
[ 4.08702432 24.12388612  3.5746401 ]
[ 4.14438187 24.04903593  3.58514005]
[ 4.17788645 24.0279785   3.57770061]
[ 4.20822599 23.99513418  3.58340059]
[ 4.17658291 24.04688153  3.55630195]
[ 4.16864736 24.03683466  3.55215911]
[ 4.18515749 24.02888722  3.52854532]
[ 4.11422004 24.10683686  3.54620324]
[ 4.25987623 23.97938542  3.54358897]
[ 4.20514492 24.01333368  3.55135174]
[ 4.14965389 24.06857311  3.52763478]
[ 4.14965554 24.07580929  3.53924807]
[ 4.18093553 24.06980022  3.49205344]
[ 4.1097051  24.12148383  3.50212223]
[ 4.07342469 24.17548874  3.47750757]
[ 4.17369113 24.05610659  3.47979249]
[ 4.20570128 24.03149656  3.4465873 ]
[ 4.15999422 24.09776695  3.44968342]
[ 4.16489125 24.0881292   3.43011621]
[ 4.17597586 24.09870526  3.38135734]
[ 4.13253723 24.09790357  3.42141881]
[ 4.11471277 24.1123753   3.38610172]
[ 4.11466203 24.16990252  3.32795063]
[ 4.09158439 24.23803762  3.2276545 ]
[ 4.21745676 24.06043533  3.27904653]
[ 4.30188788 24.01505784  3.17981768]
[ 4.17445277 24.09971127  3.19892445]
[ 4.1840572  24.11121662  3.07354753]
[ 4.11606461 24.1974625   3.05280685]
[ 4.08230458 24.29483325  2.85592407]
[ 4.09412622 24.19160116  2.90786372]
[ 4.05847286 24.23669478  2.67112882]
[ 4.20350889 24.23374903  2.61714188]
[ 4.2161604  24.1139563   2.53138084]
[ 4.29759567 24.06751368  2.1832773 ]
[ 4.1244953  24.3233731   2.18061869]
[ 4.1082502  24.43180235  1.92974133]
[ 4.1070519  24.71934861  1.35799871]
[ 4.21155737 24.2782616   1.54818956]
[ 4.3181316  24.27555368  0.89470673]
[ 4.12028841 24.36879734  1.09799783]
[ 4.37485963 24.49217938  0.41616077]
[ 4.66288586 24.73412123  0.7163023 ]
[ 4.3557444  24.60985361  0.20286159]
[ 4.51985068 25.02803092  0.79493122]
[ 4.35113626 24.95525849  0.60085345]
[ 4.51105931 24.33905979  0.55801752]
[ 4.43587186 23.96203363  1.41813392]
[ 4.35693903 24.16262263  0.91440075]
[ 4.7001621  24.38395528  0.35527131]
[ 4.58704715 24.5869234   0.6487218 ]
[ 4.37945865 24.31639959  0.51043196]
[ 4.14059292 24.38557184  0.94408474]
[ 4.5359855  24.37284051  0.05409089]
[ 4.53960165 24.73083533  0.70074184]
[ 4.38425863 24.2813676   0.51217777]
[ 4.31460211 24.47479754  1.19752049]
[ 4.4530807  24.37060909  0.12659625]
[ 4.4798101  24.27015082  0.04813766]
[ 4.56061069 24.1639008   0.19107   ]
[ 4.50115049 24.4603041   0.28192791]
[ 4.40685875 24.34057252  0.31509899]
[ 4.50201429 24.51543033  0.36218608]
[ 4.41218818 24.33051833  0.29635312]
[ 4.57238141 24.15041251  0.04679627]
[ 4.70891537 24.0565844   0.12087815]
[ 4.56788045 24.24557915  0.25513984]
[ 4.44594484 24.3155886   0.17712534]
[ 4.58081031 24.24974842  0.28442561]
[ 4.45179191 24.30919541  0.15631695]
[ 4.4227533  24.19386819  0.12080369]
[ 4.37465738 24.12406786  0.18752971]
[ 4.47710964 24.09284067  0.32435678]
[ 4.48909664 24.06374166  0.10293169]
[ 4.51669997 23.96670593  0.06987294]
[ 4.5105923  23.96196807  0.08799521]
[ 4.49292515 24.06677057  0.20042439]
[ 4.4959803  23.98889814  0.05386421]
[ 4.50761378 24.08771003  0.0577619 ]
[ 4.4384981  23.89051954  0.08013352]
[ 4.46463454 23.79963343  0.11258908]
[ 4.43430036 23.87851615  0.37401671]
[ 4.43952738 23.90803923  0.23417288]
[ 4.57558687 23.82797115  0.0479073 ]
[ 4.54408595 23.87217588  0.12932282]
[ 4.50274848 23.86297462  0.06409048]
[ 4.50468566 23.93643603  0.07648951]
[ 4.45553962 23.92525117  0.14381117]
[ 4.70331946 23.79156728  0.05526016]
[ 4.47030856 23.91401053  0.05420496]
[ 4.54664844 23.83605751  0.12908079]
[ 4.51386082 23.89384673  0.07014676]
[ 4.45145821 23.85819954  0.18761769]
[ 4.47377347 23.85061616  0.11579198]
[ 4.48083145 23.96088883  0.05471184]
[ 4.50021828 23.85156803  0.0658534 ]
[ 4.38107869 23.88985046  0.09460318]
[ 4.29484317 23.94310876  0.12599371]
[ 4.40180689 23.88383711  0.0463494 ]
[ 4.36804177 23.90613748  0.07701852]
[ 4.42544846 23.81835791  0.0740443 ]
[ 4.46359973 23.78903733  0.08602571]
[ 4.33066309 23.93817475  0.17845256]
[ 4.454122   23.84929876  0.04698702]
[ 4.34377459 23.86195996  0.08015624]
[ 4.32409906 23.87164611  0.08789952]
[ 4.27140575 23.94377873  0.04600315]
[ 4.19385797 24.0236495   0.07022698]
[ 4.43374409 23.80937681  0.07802483]
[ 4.3089962  23.88979292  0.04855629]
[ 4.31510034 23.93245129  0.04959065]
[ 4.37790272 23.84091123  0.06063022]
[ 4.2480356  23.96697348  0.14526237]
[ 4.37642383 23.83600985  0.04774468]
[ 4.27355743 23.94309151  0.04743382]
[ 4.28707424 23.91260058  0.07808003]
[ 4.26076498 23.95952248  0.08270811]
[ 4.32733601 23.87209983  0.04764406]
[ 4.30843936 23.88378167  0.0788778 ]
[ 4.30271312 23.88845234  0.05619204]
[ 4.41877142 23.83980406  0.05499494]
[ 4.28141634 23.91231724  0.04600485]
[ 4.42891054 23.81057057  0.05001346]
[ 4.28459178 23.91118586  0.04616915]
[ 4.24626366 23.96082412  0.05972708]
[ 4.33449281 23.8638558   0.0459899 ]
[ 4.30550129 23.89219946  0.05013223]
[ 4.30340607 23.88843035  0.04984705]
[ 4.29755251 23.89588196  0.04602485]
[ 4.29258551 23.90950732  0.04716718]
[ 4.279751   23.91627257  0.04619501]
[ 4.24223304 23.94484285  0.04644529]
[ 4.20255854 23.98633414  0.04701783]
[ 4.29115439 23.90482074  0.0483983 ]
[ 4.27812436 23.9128495   0.04599274]
[ 4.28488934 23.9144341   0.04628767]
[ 4.28030851 23.91025673  0.04619603]
[ 4.24715962 23.94213423  0.04865029]
[ 4.27014483 23.93002642  0.04600977]
[ 4.27310918 23.91645428  0.04600602]
[ 4.2315502  23.95605582  0.0459925 ]
[ 4.27363208 23.91580589  0.05004024]
[ 4.25359232 23.93471478  0.0465151 ]
[ 4.2355713  23.95239369  0.04599122]
[ 4.21784606 23.97223425  0.04627179]
[ 4.23161207 23.95632973  0.04607115]
[ 4.20740624 23.980612    0.04599002]
[ 4.20648134 23.98226343  0.04674342]
[ 4.24116065 23.94617848  0.04609681]
[ 4.23193675 23.95576133  0.04616016]
[ 4.26741196 23.92100749  0.04608738]
[ 4.22145723 23.96576927  0.04599446]
[ 4.23411715 23.95491333  0.04606494]
[ 4.23419651 23.95296732  0.04599913]
[ 4.23708934 23.95061912  0.04604227]
[ 4.23540171 23.95179301  0.04599458]
[ 4.2385596 23.9493516  0.0460432]
[ 4.23309207 23.95404476  0.04599016]
[ 4.22393886 23.96378923  0.04656616]
[ 4.23756237 23.94942693  0.04609026]
[ 4.22352499 23.96358501  0.04623875]
[ 4.22786186 23.9591512   0.04607557]
[ 4.24637208 23.94105219  0.04602775]
[ 4.22743453 23.95961138  0.04599977]
[ 4.22871976 23.958362    0.04614784]
[ 4.23367463 23.95338807  0.04599222]
[ 4.22975303 23.95726926  0.0460357 ]
[ 4.22941106 23.95758033  0.04612695]
[ 4.23030443 23.95665045  0.04606959]
[ 4.23560463 23.95152262  0.04599833]
[ 4.22977795 23.95718724  0.04604868]
[ 4.22290929 23.96426395  0.04599127]
[ 4.23384343 23.95311344  0.04605095]
[ 4.23243548 23.95470416  0.04601357]
[ 4.23034793 23.9566254   0.04602949]
[ 4.22706918 23.9598651   0.04613408]
[ 4.23199238 23.9550099   0.0460071 ]
[ 4.23511725 23.95184808  0.04610632]
[ 4.22933247 23.95765779  0.04601548]
[ 4.23181269 23.95520347  0.04600188]
[ 4.23143008 23.95555653  0.04601322]
[ 4.23299859 23.9540122   0.04600279]
[ 4.23218894 23.95479892  0.04601114]
[ 4.23088259 23.95608533  0.04604308]
[ 4.23170456 23.95527884  0.04601425]
[ 4.22818234 23.95886254  0.045996  ]
[ 4.23241686 23.9545461   0.04603188]
[ 4.23391055 23.95306974  0.04602354]
[ 4.23276124 23.95421384  0.04602142]
[ 4.23387406 23.95312745  0.04600834]
[ 4.2312208  23.95575155  0.04602345]
[ 4.23268566 23.95429418  0.04602763]
[ 4.23174349 23.95523513  0.0460165 ]
[ 4.23174809 23.95521205  0.04603323]
[ 4.23152873 23.9554211   0.04604719]
[ 4.23225507 23.95470418  0.04603773]
[ 4.23211551 23.95484762  0.04603113]
[ 4.23093704 23.9560244   0.04603292]
[ 4.23236641 23.95459387  0.04603462]
[ 4.23208894 23.95485406  0.04605283]
[ 4.23182959 23.95513966  0.04602414]
[ 4.23125495 23.95571361  0.04602675]
[ 4.23208714 23.95487363  0.04603258]
[ 4.23107075 23.95589576  0.04602958]
[ 4.23207967 23.95488227  0.0460313 ]
[ 4.23300887 23.95395833  0.04602797]
[ 4.23145401 23.95550751  0.04603165]
[ 4.23156696 23.95539957  0.0460299 ]
[ 4.23197712 23.95498511  0.04603082]
Status : Optimization terminated successfully.
Total Evaluations: 314
[ 4.23197712 23.95498511  0.04603082]
Solution: f([0.00000000e+00 5.16689858e-08 6.45511828e-09 4.06295743e-08
 4.57460013e-01]) = 28.23299
Nit. (nM/day): 0.0
Denit. from NO2- (nM/day): 0.30755313787915917
Denit. from NO3- (nM/day): 3.3611037272529747
Hybrid 2 (nM/day): 0.06993495049979052
f: 0.4574600133020922
Nit. (nM/day): 0.0
Denit. from NO2- (nM/day): 1.3224649881381842
Denit. from NO3- (nM/day): 3.3611037272529747
Hybrid 2 (nM/day): 0.1224119256772362
f: 0.4574600133020922
Nit. (nM/day): 0.0
Denit. from NO2- (nM/day): 0.30765043794879354
Denit. from NO3- (nM/day): 3.661974491964194
Hybrid 2 (nM/day): 0.05904504864497984
f: 0.4574600133020922
[ 4.23197712 23.95498511  0.04603082]
[ 5.3007659  34.33461614  3.3415516 ]
objective(x0) = 42.97693363457019
[ 5.3007659  34.33461614  3.3415516 ]
[ 5.29150284 34.33461474  3.34155122]
[ 5.30022734 33.71028856  3.34149677]
[ 5.29804002 34.33350669  3.29340123]
[ 5.42436117 34.28123607  3.34152173]
[ 4.95655344 34.49824798  3.3415516 ]
[ 5.08585751 34.19937188  3.3222992 ]
[ 5.06550377 34.09485744  3.3145684 ]
[ 4.99218762 33.99840159  3.30377566]
[ 4.86432443 33.82886341  3.28488795]
[ 4.83629625 33.79639518  3.34852037]
[ 5.09257127 33.36259791  3.30315746]
[ 5.17520207 32.80653257  3.28396047]
[ 4.98380406 33.09808232  3.30707429]
[ 4.98755775 32.80490948  3.31180745]
[ 4.97300937 32.17067468  3.31042698]
[ 4.81315317 32.55468638  3.27245133]
[ 5.04856981 31.99883951  3.23500041]
[ 5.16474607 31.12743856  3.17824104]
[ 5.17517351 30.91278305  3.25597343]
[ 5.39801592 29.5389293   3.24151622]
[ 5.43509813 30.20379919  3.20756417]
[ 5.2633333  29.46790202  3.20011938]
[ 5.57810788 27.94382785  3.15819918]
[ 5.651949   27.94691983  3.16592771]
[ 6.20757418 26.80788706  3.0701541 ]
[ 7.32771348 24.87041349  2.95002059]
[ 7.00023848 25.36910228  3.11104885]
[ 6.88668835 24.56572598  3.04312048]
[ 7.82465388 23.71981999  2.96090004]
[ 8.0110373  23.95625199  2.92981294]
[ 8.72599914 23.91234357  2.91095429]
[ 9.87150478 24.31697902  2.819787  ]
[ 6.51183752 25.83413198  3.0735946 ]
[ 5.91809801 27.03938895  3.13208572]
[ 7.90939617 24.1478311   2.96623649]
[ 7.63926437 24.0140592   2.87406676]
[ 8.64750391 23.78650394  2.83171001]
[ 8.08997312 23.85389089  2.89218034]
[ 8.07822382 23.84689452  2.93214536]
[ 7.55699086 23.79832669  2.9022935 ]
[ 7.38241842 23.68982905  2.87032203]
[ 7.21382195 23.80908043  2.91492045]
[ 6.84346282 23.73351646  2.90747421]
[ 6.72083027 24.33910384  2.9027196 ]
[ 6.21063649 24.2104194   2.9469004 ]
[ 5.61631902 24.55746779  2.9742606 ]
[ 5.92561307 24.11543493  3.00509209]
[ 5.87153242 24.21518224  3.07060568]
[ 6.04176453 23.52016653  2.8208284 ]
[ 5.90486735 23.24464587  2.70968513]
[ 5.7407677  23.44563858  2.88401239]
[ 5.71179225 23.84061236  2.9218862 ]
[ 6.03185619 23.67947928  2.8904987 ]
[ 6.02562911 23.02815077  2.79020905]
[ 6.51329877 23.10547998  2.69818518]
[ 6.0868119  22.99881784  2.67342728]
[ 6.62328524 23.21679672  2.5076007 ]
[ 5.89444147 23.60404407  2.70118901]
[ 5.92987633 24.36004011  2.58152483]
[ 5.72347166 23.31240058  2.83679457]
[ 6.02089183 23.42125231  2.85646235]
[ 5.7676706  23.30934766  2.74000697]
[ 6.51597444 22.79231943  2.61603924]
[ 6.12215159 22.96865689  2.68303139]
[ 6.06141118 23.2719698   2.60175071]
[ 5.80981912 23.15840797  2.77803291]
[ 6.23246113 22.93444743  2.75619762]
[ 5.85228361 23.15782218  2.72131322]
[ 5.72764946 23.18016294  2.64811626]
[ 5.58866025 23.26017517  2.57707106]
[ 6.19263229 22.94982171  2.63314311]
[ 6.0051214  23.0155902   2.65985888]
[ 5.58019562 23.23795375  2.68084916]
[ 5.74580373 23.36491631  2.69342205]
[ 5.89058423 23.07198224  2.67842596]
[ 5.70640046 23.19656388  2.54897585]
[ 5.68480534 23.16603453  2.53676013]
[ 5.67589584 23.20884738  2.44448591]
[ 5.33708614 23.42477161  2.51206356]
[ 5.05289025 23.73301615  2.43816732]
[ 5.10967796 23.56278923  2.3973959 ]
[ 4.78470979 23.86665785  2.25688704]
[ 5.06570883 23.82047127  2.22539386]
[ 4.69148801 23.98143885  2.22782816]
[ 4.31786009 24.50597292  2.06726378]
[ 4.53682057 24.70657307  1.99582383]
[ 4.20953196 25.26462537  1.9489385 ]
[ 5.11857833 23.610219    2.32059316]
[ 5.44525307 23.38195596  2.52751222]
[ 4.59719626 24.26210981  2.12873899]
[ 4.61651279 24.3123421   1.96139633]
[ 4.89683823 24.68415035  1.72303823]
[ 4.31479872 24.37476634  2.0685549 ]
[ 4.21828295 24.67484523  1.99013815]
[ 4.08688794 24.98656114  1.87255544]
[ 4.15810719 24.50708469  1.96192108]
[ 4.03267299 24.62290978  1.87851561]
[ 4.73427573 23.78123561  2.22049615]
[ 4.58295584 24.85690107  1.82161454]
[ 4.51709551 24.07290974  2.14806351]
[ 4.43924243 23.99201866  2.04354212]
[ 4.50709192 23.81806791  2.03168135]
[ 4.34085871 23.9924937   2.17752768]
[ 4.557974   23.80193071  2.11395428]
[ 4.24170786 23.961401    2.02080321]
[ 4.1391624  24.02095315  1.95717496]
[ 4.09709774 24.21972386  1.84305312]
[ 4.64693142 23.77848515  2.17084334]
[ 4.12430918 24.23372595  1.95159489]
[ 4.14880215 24.02484145  1.78146634]
[ 4.12738165 24.06736442  1.58345973]
[ 4.06101754 24.33366169  1.63284366]
[ 4.0155436  24.47485302  1.555583  ]
[ 3.98233565 24.46604608  1.47726688]
[ 4.15472304 24.37438985  1.43948687]
[ 4.26388414 24.63574781  1.11839985]
[ 4.43951018 24.23499253  1.34497985]
[ 4.15699955 24.51100339  1.15262083]
[ 4.01433688 24.51052037  1.36348086]
[ 4.11894421 24.13678411  1.68817762]
[ 4.04739289 24.2645975   1.46648775]
[ 4.0849167  24.56801571  1.12919633]
[ 4.01590981 24.27458643  1.20081962]
[ 4.05535618 24.20703565  1.06263004]
[ 4.2473725  24.05818723  1.1942405 ]
[ 4.07149902 24.17980863  1.42176221]
[ 4.54618831 23.70771427  1.56224452]
[ 4.00210307 24.3450205   1.23744019]
[ 4.31529665 24.21056276  1.13332042]
[ 4.07597836 24.2730514   0.83647334]
[ 4.10647045 24.37218679  0.46371607]
[ 4.50582563 24.35080747  0.61486586]
[ 4.04370586 24.53552511  0.69559074]
[ 4.36909249 24.20954479  0.37569969]
[ 4.25401385 24.53321398  0.09922339]
[ 4.46827951 24.74107347  0.46703514]
[ 4.02429512 24.33934823  0.46032464]
[ 4.23700906 24.33714342  0.38323062]
[ 4.23786841 24.54967377  0.23639986]
[ 4.26721997 24.44206114  0.23917771]
[ 4.12508656 24.27298153  0.69163654]
[ 4.18302685 24.4419373   0.04601074]
[ 4.15715715 24.6208956   0.07911095]
[ 4.06725851 24.55312157  0.61309469]
[ 4.16416509 24.4328536   0.05151055]
[ 4.16459497 24.56333489  0.28239913]
[ 4.10045054 24.41389747  0.28021165]
[ 4.04411381 24.39640438  0.17636787]
[ 4.13054326 24.40295702  0.21638226]
[ 4.15766707 24.17720306  0.4189463 ]
[ 4.3344473  24.39831508  0.13095843]
[ 4.03569675 24.34720533  0.31622207]
[ 4.06810535 24.28608814  0.08675966]
[ 4.07169876 24.23262278  0.05376689]
[ 4.12646607 24.5391805   0.24842969]
[ 4.09381375 24.26582154  0.25544833]
[ 4.14617983 24.33318224  0.17149991]
[ 4.05930822 24.2579198   0.09532632]
[ 4.03415949 24.27643062  0.34985229]
[ 4.0940687  24.31753151  0.05915925]
[ 4.09116346 24.14724651  0.20442755]
[ 4.17396427 24.1112814   0.04913275]
[ 4.37357581 24.03022199  0.07496009]
[ 4.10381277 24.14576646  0.16389249]
[ 4.17497904 24.02893141  0.09500929]
[ 4.34824168 23.90682502  0.15050935]
[ 4.14395295 24.13472719  0.20490702]
[ 4.08595544 24.14408536  0.10958692]
[ 4.09470838 24.14753315  0.26357021]
[ 4.09459735 24.14232398  0.07024742]
[ 4.15689531 24.11444214  0.05835396]
[ 4.22822322 23.96150775  0.085607  ]
[ 4.38503063 23.83248002  0.13059955]
[ 4.23521366 23.99654434  0.08046225]
[ 4.28124029 23.97146856  0.04909075]
[ 4.24385247 23.99818487  0.06332995]
[ 4.24823853 24.0995274   0.12614957]
[ 4.20158063 23.99576695  0.05021057]
[ 4.41475647 23.84215511  0.12638635]
[ 4.14545047 24.06061498  0.04714996]
[ 4.1692759  24.07983239  0.04599093]
[ 4.15609679 24.0710255   0.08117907]
[ 4.22215415 23.99373523  0.04614958]
[ 4.21303329 24.00565787  0.07973085]
[ 4.19994507 24.00715524  0.05387566]
[ 4.22868589 23.9810783   0.04659221]
[ 4.17112795 24.03985785  0.10207268]
[ 4.21111884 23.98106681  0.05567087]
[ 4.18376644 24.00914578  0.04746824]
[ 4.18940702 24.0254183   0.04997428]
[ 4.18178302 24.02836012  0.05316861]
[ 4.19502124 24.00008401  0.04818471]
[ 4.1577283  24.07155625  0.0492369 ]
[ 4.20485669 23.98958698  0.04600571]
[ 4.26617439 23.92761041  0.04625082]
[ 4.34991879 23.86520344  0.04767424]
[ 4.20825594 23.98311169  0.06607329]
[ 4.20899803 23.98140914  0.04744685]
[ 4.21714984 23.97142203  0.04896636]
[ 4.22531328 23.97110743  0.05797149]
[ 4.23460245 23.95440024  0.05165271]
[ 4.22395718 23.9632548   0.04808561]
[ 4.24159949 23.9504241   0.04781066]
[ 4.28478748 23.90892398  0.05837572]
[ 4.20570035 23.98256807  0.04599023]
[ 4.1756069  24.01924523  0.04917001]
[ 4.24146635 23.94697375  0.04668568]
[ 4.2068147  23.98896306  0.04655345]
[ 4.22891784 23.95884995  0.04743192]
[ 4.24077648 23.94918139  0.04678677]
[ 4.24157184 23.94981368  0.04599001]
[ 4.23418057 23.95421076  0.04619313]
[ 4.21404246 23.97744007  0.0464715 ]
[ 4.23334836 23.95426414  0.04670075]
[ 4.23484093 23.9577603   0.04600367]
[ 4.22593807 23.96075776  0.04711749]
[ 4.22673265 23.96053085  0.0459961 ]
[ 4.22576383 23.96230094  0.04622722]
[ 4.20951251 23.98136193  0.04601198]
[ 4.23305661 23.95420312  0.04642986]
[ 4.21637853 23.97126254  0.04637161]
[ 4.21058234 23.9771909   0.04600756]
[ 4.24011263 23.94679077  0.04699398]
[ 4.23811761 23.94943468  0.04630443]
[ 4.21418977 23.97416195  0.04598981]
[ 4.23328351 23.95347223  0.04655556]
[ 4.21380337 23.97386051  0.04625734]
[ 4.23186975 23.95516326  0.0462923 ]
[ 4.22790691 23.95955654  0.04602802]
[ 4.25220157 23.93556935  0.04635806]
[ 4.22033308 23.96684778  0.04605324]
[ 4.22314458 23.96415166  0.04599784]
[ 4.22607273 23.96090343  0.04664829]
[ 4.22744753 23.9596905   0.04599305]
[ 4.22054146 23.9669461   0.04600683]
[ 4.22897254 23.95797984  0.04613455]
[ 4.21745809 23.97009521  0.04622248]
[ 4.22925147 23.95762356  0.04618756]
[ 4.23009698 23.95700791  0.04631829]
[ 4.22479648 23.96229641  0.04599579]
[ 4.22586592 23.96162149  0.04615444]
[ 4.22639685 23.96064952  0.0460156 ]
[ 4.23455555 23.95243729  0.0460283 ]
[ 4.24191722 23.9452832   0.04601817]
[ 4.23010176 23.95684232  0.04618907]
[ 4.22810696 23.95891777  0.04601366]
[ 4.23420945 23.95273092  0.04619894]
[ 4.22710344 23.95990036  0.04601947]
[ 4.22915805 23.95790944  0.04599488]
[ 4.22887359 23.95828955  0.04601061]
[ 4.22914652 23.95778485  0.04607852]
[ 4.22893526 23.95803827  0.04609329]
[ 4.22910172 23.95790985  0.04600766]
[ 4.23283471 23.95413523  0.04603872]
[ 4.23612767 23.95090536  0.04605304]
[ 4.23297501 23.95400408  0.04605428]
[ 4.23175244 23.95520957  0.04604228]
[ 4.23588561 23.95108152  0.04605683]
[ 4.22927875 23.95769564  0.04602741]
[ 4.22636775 23.96064113  0.04604457]
[ 4.23247611 23.95449043  0.0460321 ]
[ 4.23309653 23.95382318  0.04609574]
[ 4.23209285 23.9548396   0.04606682]
[ 4.23423361 23.95275726  0.04601324]
[ 4.23110928 23.95588433  0.04603083]
[ 4.23239644 23.95456273  0.04603668]
[ 4.23243083 23.95454422  0.04602575]
[ 4.22924427 23.95769692  0.04606832]
[ 4.23298094 23.95399034  0.04602398]
[ 4.2356946  23.95127397  0.04604538]
[ 4.23087325 23.95608937  0.04603157]
[ 4.23189404 23.95505803  0.0460503 ]
[ 4.23229637 23.95466722  0.04603129]
[ 4.232314   23.95467972  0.04600633]
[ 4.23214772 23.95479926  0.04604753]
[ 4.23181308 23.95515891  0.04603569]
[ 4.23230558 23.95465513  0.04603298]
[ 4.23184641 23.95511768  0.04602976]
[ 4.23080835 23.95614111  0.04604623]
[ 4.23243666 23.95452773  0.04602902]
[ 4.23154707 23.95541223  0.04603666]
[ 4.23210867 23.95485199  0.0460326 ]
[ 4.23168032 23.95529777  0.04601753]
[ 4.23203046 23.95492369  0.04603901]
[ 4.23342193 23.95354052  0.04603365]
[ 4.23150869 23.95545226  0.04603209]
[ 4.232311   23.95464679  0.04603654]
[ 4.23196187 23.95499981  0.0460314 ]
[ 4.23171371 23.95524757  0.04603254]
[ 4.23215721 23.95480299  0.04603287]
[ 4.23147046 23.95548453  0.04603834]
[ 4.23171177 23.95524528  0.04603591]
Status : Optimization terminated successfully.
Total Evaluations: 293
[ 4.23171177 23.95524528  0.04603591]
Solution: f([0.00000000e+00 5.16667818e-08 6.45494217e-09 4.06352314e-08
 4.57503869e-01]) = 28.23299
Nit. (nM/day): 0.0
Denit. from NO2- (nM/day): 0.30754001942762005
Denit. from NO3- (nM/day): 3.361012043127451
Hybrid 2 (nM/day): 0.06994468750502084
f: 0.45750386949483013
Nit. (nM/day): 0.0
Denit. from NO2- (nM/day): 1.3224085882356917
Denit. from NO3- (nM/day): 3.361012043127451
Hybrid 2 (nM/day): 0.12242896848189681
f: 0.45750386949483013
Nit. (nM/day): 0.0
Denit. from NO2- (nM/day): 0.30763731554826423
Denit. from NO3- (nM/day): 3.661874601367388
Hybrid 2 (nM/day): 0.05905326947429971
f: 0.45750386949483013
[ 4.23171177 23.95524528  0.04603591]
